<?xml version="1.0" encoding="UTF-8"?>
<!-- Generated by org.testng.reporters.JUnitXMLReporter -->
<testsuite ignored="0" hostname="DESKTOP-3HEU5F7" failures="0" tests="1" name="All Test" time="2.783" errors="0" timestamp="2024-06-18T16:15:41 IST">
  <testcase classname="automationcore.BrowserLaunch" name="@BeforeMethod setup" time="2.707">
    <failure type="java.lang.NullPointerException">
      <![CDATA[java.lang.NullPointerException
at java.base/java.util.Objects.requireNonNull(Objects.java:209)
at java.base/java.util.ImmutableCollections$Map1.<init>(ImmutableCollections.java:1105)
at java.base/java.util.Map.of(Map.java:1353)
at org.openqa.selenium.remote.DriverCommand.GET(DriverCommand.java:180)
at org.openqa.selenium.remote.RemoteWebDriver.get(RemoteWebDriver.java:301)
at automationcore.BrowserLaunch.initialisebrowser(BrowserLaunch.java:57)
at automationcore.BrowserLaunch.setup(BrowserLaunch.java:67)
at java.base/java.util.ArrayList.forEach(ArrayList.java:1511)
... Removed 31 stack frames]]>
    </failure>
  </testcase> <!-- @BeforeMethod setup -->
  <testcase classname="test.LoginPageTest" name="verifyUserLoginWithValidCredentials" time="0.0">
    <skipped/>
  </testcase> <!-- verifyUserLoginWithValidCredentials -->
</testsuite> <!-- All Test -->
