<?xml version="1.0" encoding="UTF-8"?>
<!-- Generated by org.testng.reporters.JUnitXMLReporter -->
<testsuite ignored="2" hostname="DESKTOP-3HEU5F7" failures="0" tests="1" name="Chrome Test" time="33.558" errors="0" timestamp="2024-06-21T02:24:25 IST">
  <testcase classname="test.AddUserTest" name="verifyDeleteingNewlyAddedUser" time="26.5"/>
  <testcase classname="test.AddUserTest" name="verifyAddingUser" time="0.0">
    <ignored/>
  </testcase> <!-- verifyAddingUser -->
  <testcase classname="test.AddUserTest" name="verifyUserLoginWithNewAddedUser" time="0.0">
    <ignored/>
  </testcase> <!-- verifyUserLoginWithNewAddedUser -->
</testsuite> <!-- Chrome Test -->
