<?xml version="1.0" encoding="UTF-8"?>
<!-- Generated by org.testng.reporters.JUnitXMLReporter -->
<testsuite ignored="1" hostname="DESKTOP-3HEU5F7" failures="0" tests="1" name="Test" time="11.563" errors="0" timestamp="2024-06-12T21:04:03 IST">
  <testcase classname="test.LoginPageTest" name="verifyUserLoginWithValidCredentials" time="3.534"/>
  <testcase classname="test.LoginPageTest" name="verifyUserLoginWithInvalidCredential" time="0.0">
    <ignored/>
  </testcase> <!-- verifyUserLoginWithInvalidCredential -->
</testsuite> <!-- Test -->
