<?xml version="1.0" encoding="UTF-8"?>
<!-- Generated by org.testng.reporters.JUnitXMLReporter -->
<testsuite ignored="0" hostname="DESKTOP-3HEU5F7" failures="0" tests="14" name="Test" time="179.728" errors="0" timestamp="2024-06-21T00:42:28 IST">
  <testcase classname="test.LoginPageTest" name="verifyUserLoginWithInvalidCredential" time="1.188"/>
  <testcase classname="test.LoginPageTest" name="verifyUserLoginWithInvalidCredential" time="0.682"/>
  <testcase classname="test.LoginPageTest" name="verifyUserLoginWithInvalidCredential" time="0.648"/>
  <testcase classname="test.LoginPageTest" name="verifyUserLoginWithValidCredentials" time="3.089"/>
  <testcase classname="test.HomePageTest" name="getPageTitle" time="2.415"/>
  <testcase classname="test.HomePageTest" name="verifyUserLoginDate" time="2.125"/>
  <testcase classname="test.ResetPageTest" name="verifyForgotpasswordWithInvalidEmailid" time="1.01"/>
  <testcase classname="test.ResetPageTest" name="verifyForgotpasswordWithValidEmailid" time="1.526"/>
  <testcase classname="test.AddUserTest" name="verifyAddingUser" time="7.0"/>
  <testcase classname="test.AddUserTest" name="verifyDeleteingNewlyAddedUser" time="20.035"/>
  <testcase classname="test.AddUserTest" name="verifyUserLoginWithNewAddedUser" time="14.887"/>
  <testcase classname="test.UsersTest" name="verifySearchByField" time="4.362"/>
  <testcase classname="test.EditUserTest" name="editAnExistingUser" time="5.868"/>
  <testcase classname="test.UserMangementTest" name="verifyPoolElementinUserMangement" time="5.073"/>
</testsuite> <!-- Test -->
