<?xml version="1.0" encoding="UTF-8"?>
<!-- Generated by org.testng.reporters.JUnitXMLReporter -->
<testsuite ignored="1" hostname="DESKTOP-3HEU5F7" failures="0" tests="1" name="Default test" time="23.292" errors="0" timestamp="2024-06-10T01:56:33 IST">
  <testcase classname="test.AddUser" name="verifyUserLoginWithNewAddedUser" time="17.472"/>
  <testcase classname="test.AddUser" name="verifyAddingUser" time="0.0">
    <ignored/>
  </testcase> <!-- verifyAddingUser -->
</testsuite> <!-- Default test -->
