<?xml version="1.0" encoding="UTF-8"?>
<!-- Generated by org.testng.reporters.JUnitXMLReporter -->
<testsuite ignored="0" hostname="DESKTOP-3HEU5F7" failures="0" tests="2" name=" Parallel Test 2" time="23.609" errors="0" timestamp="2024-06-20T20:16:49 IST">
  <testcase classname="test.ResetPageTest" name="verifyForgotpasswordWithInvalidEmailid" time="3.562"/>
  <testcase classname="test.ResetPageTest" name="verifyForgotpasswordWithValidEmailid" time="2.239"/>
</testsuite> <!--  Parallel Test 2 -->
