<?xml version="1.0" encoding="UTF-8"?>
<!-- Generated by org.testng.reporters.JUnitXMLReporter -->
<testsuite ignored="3" hostname="DESKTOP-3HEU5F7" failures="2" tests="8" name="Chrome Test" time="2.064" errors="0" timestamp="2024-06-15T00:59:31 IST">
  <testcase classname="test.LoginPageTest" name="verifyUserLoginWithValidCredentials" time="0.984">
    <skipped/>
  </testcase> <!-- verifyUserLoginWithValidCredentials -->
  <testcase classname="test.LoginPageTest" name="verifyUserLoginWithValidCredentials" time="0.165">
    <skipped/>
  </testcase> <!-- verifyUserLoginWithValidCredentials -->
  <testcase classname="test.LoginPageTest" name="verifyUserLoginWithValidCredentials" time="0.196">
    <skipped/>
  </testcase> <!-- verifyUserLoginWithValidCredentials -->
  <testcase classname="test.LoginPageTest" name="verifyUserLoginWithValidCredentials" time="0.174">
    <failure type="java.lang.NullPointerException" message="Cannot invoke &amp;quot;org.openqa.selenium.SearchContext.findElement(org.openqa.selenium.By)&amp;quot; because &amp;quot;this.searchContext&amp;quot; is null">
      <![CDATA[java.lang.NullPointerException: Cannot invoke "org.openqa.selenium.SearchContext.findElement(org.openqa.selenium.By)" because "this.searchContext" is null
at org.openqa.selenium.support.pagefactory.DefaultElementLocator.findElement(DefaultElementLocator.java:68)
at org.openqa.selenium.support.pagefactory.internal.LocatingElementHandler.invoke(LocatingElementHandler.java:38)
at jdk.proxy2/jdk.proxy2.$Proxy12.sendKeys(Unknown Source)
at pages.LoginPage.enterUserName(LoginPage.java:35)
at test.LoginPageTest.verifyUserLoginWithValidCredentials(LoginPageTest.java:29)
at java.base/java.util.ArrayList.forEach(ArrayList.java:1511)
... Removed 27 stack frames]]>
    </failure>
  </testcase> <!-- verifyUserLoginWithValidCredentials -->
  <testcase classname="test.HomePageTest" name="getPageTitle" time="0.125">
    <skipped/>
  </testcase> <!-- getPageTitle -->
  <testcase classname="test.HomePageTest" name="getPageTitle" time="0.117">
    <skipped/>
  </testcase> <!-- getPageTitle -->
  <testcase classname="test.HomePageTest" name="getPageTitle" time="0.098">
    <skipped/>
  </testcase> <!-- getPageTitle -->
  <testcase classname="test.HomePageTest" name="getPageTitle" time="0.106">
    <failure type="java.lang.NullPointerException" message="Cannot invoke &amp;quot;org.openqa.selenium.SearchContext.findElement(org.openqa.selenium.By)&amp;quot; because &amp;quot;this.searchContext&amp;quot; is null">
      <![CDATA[java.lang.NullPointerException: Cannot invoke "org.openqa.selenium.SearchContext.findElement(org.openqa.selenium.By)" because "this.searchContext" is null
at org.openqa.selenium.support.pagefactory.DefaultElementLocator.findElement(DefaultElementLocator.java:68)
at org.openqa.selenium.support.pagefactory.internal.LocatingElementHandler.invoke(LocatingElementHandler.java:38)
at jdk.proxy2/jdk.proxy2.$Proxy12.sendKeys(Unknown Source)
at pages.LoginPage.enterUserName(LoginPage.java:35)
at test.HomePageTest.getPageTitle(HomePageTest.java:24)
at java.base/java.util.ArrayList.forEach(ArrayList.java:1511)
... Removed 27 stack frames]]>
    </failure>
  </testcase> <!-- getPageTitle -->
  <testcase classname="test.LoginPageTest" name="verifyUserLoginWithInvalidCredential" time="0.0">
    <ignored/>
  </testcase> <!-- verifyUserLoginWithInvalidCredential -->
  <testcase classname="test.HomePageTest" name="getCaluculatorResult" time="0.0">
    <ignored/>
  </testcase> <!-- getCaluculatorResult -->
  <testcase classname="test.HomePageTest" name="verifyUserLoginDate" time="0.0">
    <ignored/>
  </testcase> <!-- verifyUserLoginDate -->
</testsuite> <!-- Chrome Test -->
