<?xml version="1.0" encoding="UTF-8"?>
<!-- Generated by org.testng.reporters.JUnitXMLReporter -->
<testsuite ignored="0" hostname="DESKTOP-3HEU5F7" failures="0" tests="4" name="Parallel Test 1" time="36.381" errors="0" timestamp="2024-06-20T20:17:02 IST">
  <testcase classname="test.LoginPageTest" name="verifyUserLoginWithInvalidCredential" time="1.266"/>
  <testcase classname="test.LoginPageTest" name="verifyUserLoginWithInvalidCredential" time="1.048"/>
  <testcase classname="test.LoginPageTest" name="verifyUserLoginWithInvalidCredential" time="0.714"/>
  <testcase classname="test.LoginPageTest" name="verifyUserLoginWithValidCredentials" time="2.158"/>
</testsuite> <!-- Parallel Test 1 -->
