<?xml version="1.0" encoding="UTF-8"?>
<!-- Generated by org.testng.reporters.JUnitXMLReporter -->
<testsuite ignored="0" hostname="DESKTOP-3HEU5F7" failures="0" tests="1" name="Test" time="0.108" errors="0" timestamp="2024-06-18T16:23:35 IST">
  <testcase classname="automationcore.BrowserLaunch" name="@BeforeMethod setup" time="-1.718708015204E9">
    <failure type="org.testng.TestNGException" message="
Parameter &amp;apos;baseurl&amp;apos; is required by BeforeMethod on method setup but has not been marked @Optional or defined
in C:\Users\Meera Rupak\git\ProjectQALegend\ProjectFinal\groupingtestng.xml">
      <![CDATA[org.testng.TestNGException: 
Parameter 'baseurl' is required by BeforeMethod on method setup but has not been marked @Optional or defined
in C:\Users\Meera Rupak\git\ProjectQALegend\ProjectFinal\groupingtestng.xml
at java.base/java.util.ArrayList.forEach(ArrayList.java:1511)
... Removed 28 stack frames]]>
    </failure>
  </testcase> <!-- @BeforeMethod setup -->
  <testcase classname="test.LoginPageTest" name="verifyUserLoginWithValidCredentials" time="0.0">
    <skipped/>
  </testcase> <!-- verifyUserLoginWithValidCredentials -->
</testsuite> <!-- Test -->
