<?xml version="1.0" encoding="UTF-8"?>
<testng-results ignored="0" total="1" passed="1" failed="0" skipped="0">
  <reporter-output>
  </reporter-output>
  <suite started-at="2024-06-10T01:34:42 IST" name="Default suite" finished-at="2024-06-10T01:34:56 IST" duration-ms="14459">
    <groups>
    </groups>
    <test started-at="2024-06-10T01:34:42 IST" name="Default test" finished-at="2024-06-10T01:34:56 IST" duration-ms="14459">
      <class name="test.UserMangement">
        <test-method is-config="true" signature="setup()[pri:0, instance:test.UserMangement@5d534f5d]" started-at="2024-06-10T01:34:42 IST" name="setup" finished-at="2024-06-10T01:34:51 IST" duration-ms="8632" status="PASS">
          <reporter-output>
          </reporter-output>
        </test-method> <!-- setup -->
        <test-method signature="verifyUserMangement()[pri:0, instance:test.UserMangement@5d534f5d]" started-at="2024-06-10T01:34:51 IST" name="verifyUserMangement" finished-at="2024-06-10T01:34:56 IST" duration-ms="5769" status="PASS">
          <reporter-output>
          </reporter-output>
        </test-method> <!-- verifyUserMangement -->
        <test-method is-config="true" signature="closeBrowser()[pri:0, instance:test.UserMangement@5d534f5d]" started-at="2024-06-10T01:34:56 IST" name="closeBrowser" finished-at="2024-06-10T01:34:56 IST" duration-ms="7" status="PASS">
          <reporter-output>
          </reporter-output>
        </test-method> <!-- closeBrowser -->
      </class> <!-- test.UserMangement -->
    </test> <!-- Default test -->
  </suite> <!-- Default suite -->
</testng-results>
